D:\Data\01.Projects\erp\erp-core\wwwroot\build\app\core\settings\settings.service.js
D:\Data\01.Projects\erp\erp-core\wwwroot\build\app\core\settings\settings.service.js.map
D:\Data\01.Projects\erp\erp-core\wwwroot\build\app\app.component.js
D:\Data\01.Projects\erp\erp-core\wwwroot\build\app\app.component.js.map
D:\Data\01.Projects\erp\erp-core\wwwroot\build\app\core\themes\themes.service.js
D:\Data\01.Projects\erp\erp-core\wwwroot\build\app\core\themes\themes.service.js.map
D:\Data\01.Projects\erp\erp-core\wwwroot\build\app\core\translator\translator.service.js
D:\Data\01.Projects\erp\erp-core\wwwroot\build\app\core\translator\translator.service.js.map
D:\Data\01.Projects\erp\erp-core\wwwroot\build\app\core\menu\menu.service.js
D:\Data\01.Projects\erp\erp-core\wwwroot\build\app\core\menu\menu.service.js.map
D:\Data\01.Projects\erp\erp-core\wwwroot\build\app\core\module-import-guard.js
D:\Data\01.Projects\erp\erp-core\wwwroot\build\app\core\module-import-guard.js.map
D:\Data\01.Projects\erp\erp-core\wwwroot\build\app\core\core.module.js
D:\Data\01.Projects\erp\erp-core\wwwroot\build\app\core\core.module.js.map
D:\Data\01.Projects\erp\erp-core\wwwroot\build\app\layout\layout.component.js
D:\Data\01.Projects\erp\erp-core\wwwroot\build\app\layout\layout.component.js.map
D:\Data\01.Projects\erp\erp-core\wwwroot\build\app\layout\sidebar\sidebar.component.js
D:\Data\01.Projects\erp\erp-core\wwwroot\build\app\layout\sidebar\sidebar.component.js.map
D:\Data\01.Projects\erp\erp-core\wwwroot\build\app\layout\sidebar\userblock\userblock.service.js
D:\Data\01.Projects\erp\erp-core\wwwroot\build\app\layout\sidebar\userblock\userblock.service.js.map
D:\Data\01.Projects\erp\erp-core\wwwroot\build\app\layout\header\header.component.js
D:\Data\01.Projects\erp\erp-core\wwwroot\build\app\layout\header\header.component.js.map
D:\Data\01.Projects\erp\erp-core\wwwroot\build\app\layout\header\navsearch\navsearch.component.js
D:\Data\01.Projects\erp\erp-core\wwwroot\build\app\layout\header\navsearch\navsearch.component.js.map
D:\Data\01.Projects\erp\erp-core\wwwroot\build\app\layout\offsidebar\offsidebar.component.js
D:\Data\01.Projects\erp\erp-core\wwwroot\build\app\layout\offsidebar\offsidebar.component.js.map
D:\Data\01.Projects\erp\erp-core\wwwroot\build\app\layout\sidebar\userblock\userblock.component.js
D:\Data\01.Projects\erp\erp-core\wwwroot\build\app\layout\sidebar\userblock\userblock.component.js.map
D:\Data\01.Projects\erp\erp-core\wwwroot\build\app\layout\footer\footer.component.js
D:\Data\01.Projects\erp\erp-core\wwwroot\build\app\layout\footer\footer.component.js.map
D:\Data\01.Projects\erp\erp-core\wwwroot\build\app\shared\directives\flot\flot.directive.js
D:\Data\01.Projects\erp\erp-core\wwwroot\build\app\shared\directives\flot\flot.directive.js.map
D:\Data\01.Projects\erp\erp-core\wwwroot\build\app\shared\directives\sparkline\sparkline.directive.js
D:\Data\01.Projects\erp\erp-core\wwwroot\build\app\shared\directives\sparkline\sparkline.directive.js.map
D:\Data\01.Projects\erp\erp-core\wwwroot\build\app\shared\directives\easypiechart\easypiechart.directive.js
D:\Data\01.Projects\erp\erp-core\wwwroot\build\app\shared\directives\easypiechart\easypiechart.directive.js.map
D:\Data\01.Projects\erp\erp-core\wwwroot\build\app\shared\colors\colors.service.js
D:\Data\01.Projects\erp\erp-core\wwwroot\build\app\shared\colors\colors.service.js.map
D:\Data\01.Projects\erp\erp-core\wwwroot\build\app\shared\directives\checkall\checkall.directive.js
D:\Data\01.Projects\erp\erp-core\wwwroot\build\app\shared\directives\checkall\checkall.directive.js.map
D:\Data\01.Projects\erp\erp-core\wwwroot\build\app\shared\directives\vectormap\vectormap.directive.js
D:\Data\01.Projects\erp\erp-core\wwwroot\build\app\shared\directives\vectormap\vectormap.directive.js.map
D:\Data\01.Projects\erp\erp-core\wwwroot\build\app\shared\directives\now\now.directive.js
D:\Data\01.Projects\erp\erp-core\wwwroot\build\app\shared\directives\now\now.directive.js.map
D:\Data\01.Projects\erp\erp-core\wwwroot\build\app\shared\directives\scrollable\scrollable.directive.js
D:\Data\01.Projects\erp\erp-core\wwwroot\build\app\shared\directives\scrollable\scrollable.directive.js.map
D:\Data\01.Projects\erp\erp-core\wwwroot\build\app\shared\directives\jqcloud\jqcloud.directive.js
D:\Data\01.Projects\erp\erp-core\wwwroot\build\app\shared\directives\jqcloud\jqcloud.directive.js.map
D:\Data\01.Projects\erp\erp-core\wwwroot\build\app\shared\shared.module.js
D:\Data\01.Projects\erp\erp-core\wwwroot\build\app\shared\shared.module.js.map
D:\Data\01.Projects\erp\erp-core\wwwroot\build\app\layout\layout.module.js
D:\Data\01.Projects\erp\erp-core\wwwroot\build\app\layout\layout.module.js.map
D:\Data\01.Projects\erp\erp-core\wwwroot\build\app\routes\menu.js
D:\Data\01.Projects\erp\erp-core\wwwroot\build\app\routes\menu.js.map
D:\Data\01.Projects\erp\erp-core\wwwroot\build\app\routes\routes.js
D:\Data\01.Projects\erp\erp-core\wwwroot\build\app\routes\routes.js.map
D:\Data\01.Projects\erp\erp-core\wwwroot\build\app\routes\routes.module.js
D:\Data\01.Projects\erp\erp-core\wwwroot\build\app\routes\routes.module.js.map
D:\Data\01.Projects\erp\erp-core\wwwroot\build\app\app.module.js
D:\Data\01.Projects\erp\erp-core\wwwroot\build\app\app.module.js.map
D:\Data\01.Projects\erp\erp-core\wwwroot\build\boot-client.aot.js
D:\Data\01.Projects\erp\erp-core\wwwroot\build\boot-client.aot.js.map
D:\Data\01.Projects\erp\erp-core\wwwroot\build\boot-client.js
D:\Data\01.Projects\erp\erp-core\wwwroot\build\boot-client.js.map
D:\Data\01.Projects\erp\erp-core\wwwroot\build\app\polyfills.js
D:\Data\01.Projects\erp\erp-core\wwwroot\build\app\polyfills.js.map
D:\Data\01.Projects\erp\erp-core\wwwroot\build\app\vendor.js
D:\Data\01.Projects\erp\erp-core\wwwroot\build\app\vendor.js.map
D:\Data\01.Projects\erp\erp-core\wwwroot\build\app\routes\home\home\home.component.js
D:\Data\01.Projects\erp\erp-core\wwwroot\build\app\routes\home\home\home.component.js.map
D:\Data\01.Projects\erp\erp-core\wwwroot\build\app\routes\home\home.module.js
D:\Data\01.Projects\erp\erp-core\wwwroot\build\app\routes\home\home.module.js.map
